[2022-02-01 06:34:46,963] {taskinstance.py:1032} INFO - Dependencies all met for <TaskInstance: LocalIngestionDag.wget scheduled__2021-02-02T06:00:00+00:00 [queued]>
[2022-02-01 06:34:48,027] {taskinstance.py:1032} INFO - Dependencies all met for <TaskInstance: LocalIngestionDag.wget scheduled__2021-02-02T06:00:00+00:00 [queued]>
[2022-02-01 06:34:48,041] {taskinstance.py:1238} INFO - 
--------------------------------------------------------------------------------
[2022-02-01 06:34:48,045] {taskinstance.py:1239} INFO - Starting attempt 1 of 1
[2022-02-01 06:34:48,047] {taskinstance.py:1240} INFO - 
--------------------------------------------------------------------------------
[2022-02-01 06:34:48,660] {taskinstance.py:1259} INFO - Executing <Task(BashOperator): wget> on 2021-02-02 06:00:00+00:00
[2022-02-01 06:34:48,740] {standard_task_runner.py:52} INFO - Started process 336 to run task
[2022-02-01 06:34:49,301] {standard_task_runner.py:76} INFO - Running: ['***', 'tasks', 'run', 'LocalIngestionDag', 'wget', 'scheduled__2021-02-02T06:00:00+00:00', '--job-id', '9', '--raw', '--subdir', 'DAGS_FOLDER/local.py', '--cfg-path', '/tmp/tmphzljx15h', '--error-file', '/tmp/tmp2sn814bl']
[2022-02-01 06:34:49,324] {standard_task_runner.py:77} INFO - Job 9: Subtask wget
[2022-02-01 06:34:59,429] {logging_mixin.py:109} INFO - Running <TaskInstance: LocalIngestionDag.wget scheduled__2021-02-02T06:00:00+00:00 [running]> on host beeadfc87c61
[2022-02-01 06:35:06,181] {taskinstance.py:1426} INFO - Exporting the following env vars:
AIRFLOW_CTX_DAG_OWNER=***
AIRFLOW_CTX_DAG_ID=LocalIngestionDag
AIRFLOW_CTX_TASK_ID=wget
AIRFLOW_CTX_EXECUTION_DATE=2021-02-02T06:00:00+00:00
AIRFLOW_CTX_DAG_RUN_ID=scheduled__2021-02-02T06:00:00+00:00
[2022-02-01 06:35:06,448] {subprocess.py:62} INFO - Tmp dir root location: 
 /tmp
[2022-02-01 06:35:06,504] {subprocess.py:74} INFO - Running command: ['bash', '-c', 'echo "hello world"']
[2022-02-01 06:35:07,549] {subprocess.py:85} INFO - Output:
[2022-02-01 06:35:08,107] {subprocess.py:89} INFO - hello world
[2022-02-01 06:35:08,142] {subprocess.py:93} INFO - Command exited with return code 0
[2022-02-01 06:35:21,391] {taskinstance.py:1277} INFO - Marking task as SUCCESS. dag_id=LocalIngestionDag, task_id=wget, execution_date=20210202T060000, start_date=20220201T063447, end_date=20220201T063521
[2022-02-01 06:35:22,027] {local_task_job.py:212} WARNING - State of this instance has been externally set to success. Terminating instance.
[2022-02-01 06:35:23,169] {process_utils.py:124} INFO - Sending Signals.SIGTERM to group 336. PIDs of all processes in the group: [336]
[2022-02-01 06:35:23,172] {process_utils.py:75} INFO - Sending the signal Signals.SIGTERM to group 336
[2022-02-01 06:35:23,345] {process_utils.py:70} INFO - Process psutil.Process(pid=336, status='terminated', exitcode=0, started='06:34:47') (336) terminated with exit code 0
