[2022-02-01 06:34:37,309] {taskinstance.py:1032} INFO - Dependencies all met for <TaskInstance: LocalIngestionDag.wget manual__2022-02-01T06:34:32.206809+00:00 [queued]>
[2022-02-01 06:34:37,672] {taskinstance.py:1032} INFO - Dependencies all met for <TaskInstance: LocalIngestionDag.wget manual__2022-02-01T06:34:32.206809+00:00 [queued]>
[2022-02-01 06:34:37,691] {taskinstance.py:1238} INFO - 
--------------------------------------------------------------------------------
[2022-02-01 06:34:37,697] {taskinstance.py:1239} INFO - Starting attempt 1 of 1
[2022-02-01 06:34:37,709] {taskinstance.py:1240} INFO - 
--------------------------------------------------------------------------------
[2022-02-01 06:34:38,114] {taskinstance.py:1259} INFO - Executing <Task(BashOperator): wget> on 2022-02-01 06:34:32.206809+00:00
[2022-02-01 06:34:38,171] {standard_task_runner.py:52} INFO - Started process 320 to run task
[2022-02-01 06:34:38,242] {standard_task_runner.py:76} INFO - Running: ['***', 'tasks', 'run', 'LocalIngestionDag', 'wget', 'manual__2022-02-01T06:34:32.206809+00:00', '--job-id', '8', '--raw', '--subdir', 'DAGS_FOLDER/local.py', '--cfg-path', '/tmp/tmpwf9nahyb', '--error-file', '/tmp/tmpdtzrnxas']
[2022-02-01 06:34:38,247] {standard_task_runner.py:77} INFO - Job 8: Subtask wget
[2022-02-01 06:34:39,388] {logging_mixin.py:109} INFO - Running <TaskInstance: LocalIngestionDag.wget manual__2022-02-01T06:34:32.206809+00:00 [running]> on host beeadfc87c61
[2022-02-01 06:34:40,481] {taskinstance.py:1426} INFO - Exporting the following env vars:
AIRFLOW_CTX_DAG_OWNER=***
AIRFLOW_CTX_DAG_ID=LocalIngestionDag
AIRFLOW_CTX_TASK_ID=wget
AIRFLOW_CTX_EXECUTION_DATE=2022-02-01T06:34:32.206809+00:00
AIRFLOW_CTX_DAG_RUN_ID=manual__2022-02-01T06:34:32.206809+00:00
[2022-02-01 06:34:40,485] {subprocess.py:62} INFO - Tmp dir root location: 
 /tmp
[2022-02-01 06:34:40,514] {subprocess.py:74} INFO - Running command: ['bash', '-c', 'echo "hello world"']
[2022-02-01 06:34:40,909] {subprocess.py:85} INFO - Output:
[2022-02-01 06:34:40,988] {subprocess.py:89} INFO - hello world
[2022-02-01 06:34:41,010] {subprocess.py:93} INFO - Command exited with return code 0
[2022-02-01 06:34:42,372] {taskinstance.py:1277} INFO - Marking task as SUCCESS. dag_id=LocalIngestionDag, task_id=wget, execution_date=20220201T063432, start_date=20220201T063437, end_date=20220201T063442
[2022-02-01 06:34:43,201] {local_task_job.py:154} INFO - Task exited with return code 0
[2022-02-01 06:34:47,188] {local_task_job.py:264} INFO - 0 downstream tasks scheduled from follow-on schedule check
