[2022-02-01 06:34:37,361] {taskinstance.py:1032} INFO - Dependencies all met for <TaskInstance: LocalIngestionDag.wget scheduled__2021-01-02T06:00:00+00:00 [queued]>
[2022-02-01 06:34:37,570] {taskinstance.py:1032} INFO - Dependencies all met for <TaskInstance: LocalIngestionDag.wget scheduled__2021-01-02T06:00:00+00:00 [queued]>
[2022-02-01 06:34:37,613] {taskinstance.py:1238} INFO - 
--------------------------------------------------------------------------------
[2022-02-01 06:34:37,623] {taskinstance.py:1239} INFO - Starting attempt 1 of 1
[2022-02-01 06:34:37,626] {taskinstance.py:1240} INFO - 
--------------------------------------------------------------------------------
[2022-02-01 06:34:38,194] {taskinstance.py:1259} INFO - Executing <Task(BashOperator): wget> on 2021-01-02 06:00:00+00:00
[2022-02-01 06:34:38,288] {standard_task_runner.py:52} INFO - Started process 321 to run task
[2022-02-01 06:34:38,480] {standard_task_runner.py:76} INFO - Running: ['***', 'tasks', 'run', 'LocalIngestionDag', 'wget', 'scheduled__2021-01-02T06:00:00+00:00', '--job-id', '7', '--raw', '--subdir', 'DAGS_FOLDER/local.py', '--cfg-path', '/tmp/tmpaa7c8fz9', '--error-file', '/tmp/tmpwa8ds9o4']
[2022-02-01 06:34:38,547] {standard_task_runner.py:77} INFO - Job 7: Subtask wget
[2022-02-01 06:34:40,321] {logging_mixin.py:109} INFO - Running <TaskInstance: LocalIngestionDag.wget scheduled__2021-01-02T06:00:00+00:00 [running]> on host beeadfc87c61
[2022-02-01 06:34:41,211] {taskinstance.py:1426} INFO - Exporting the following env vars:
AIRFLOW_CTX_DAG_OWNER=***
AIRFLOW_CTX_DAG_ID=LocalIngestionDag
AIRFLOW_CTX_TASK_ID=wget
AIRFLOW_CTX_EXECUTION_DATE=2021-01-02T06:00:00+00:00
AIRFLOW_CTX_DAG_RUN_ID=scheduled__2021-01-02T06:00:00+00:00
[2022-02-01 06:34:41,288] {subprocess.py:62} INFO - Tmp dir root location: 
 /tmp
[2022-02-01 06:34:41,301] {subprocess.py:74} INFO - Running command: ['bash', '-c', 'echo "hello world"']
[2022-02-01 06:34:41,764] {subprocess.py:85} INFO - Output:
[2022-02-01 06:34:41,891] {subprocess.py:89} INFO - hello world
[2022-02-01 06:34:42,073] {subprocess.py:93} INFO - Command exited with return code 0
[2022-02-01 06:34:42,748] {taskinstance.py:1277} INFO - Marking task as SUCCESS. dag_id=LocalIngestionDag, task_id=wget, execution_date=20210102T060000, start_date=20220201T063437, end_date=20220201T063442
[2022-02-01 06:34:43,896] {local_task_job.py:154} INFO - Task exited with return code 0
[2022-02-01 06:34:47,343] {local_task_job.py:264} INFO - 0 downstream tasks scheduled from follow-on schedule check
