[2022-02-01 06:35:57,418] {taskinstance.py:1032} INFO - Dependencies all met for <TaskInstance: LocalIngestionDag.wget scheduled__2021-11-02T06:00:00+00:00 [queued]>
[2022-02-01 06:35:58,678] {taskinstance.py:1032} INFO - Dependencies all met for <TaskInstance: LocalIngestionDag.wget scheduled__2021-11-02T06:00:00+00:00 [queued]>
[2022-02-01 06:35:58,723] {taskinstance.py:1238} INFO - 
--------------------------------------------------------------------------------
[2022-02-01 06:35:58,731] {taskinstance.py:1239} INFO - Starting attempt 1 of 1
[2022-02-01 06:35:58,765] {taskinstance.py:1240} INFO - 
--------------------------------------------------------------------------------
[2022-02-01 06:36:00,167] {taskinstance.py:1259} INFO - Executing <Task(BashOperator): wget> on 2021-11-02 06:00:00+00:00
[2022-02-01 06:36:00,578] {standard_task_runner.py:52} INFO - Started process 411 to run task
[2022-02-01 06:36:01,096] {standard_task_runner.py:76} INFO - Running: ['***', 'tasks', 'run', 'LocalIngestionDag', 'wget', 'scheduled__2021-11-02T06:00:00+00:00', '--job-id', '22', '--raw', '--subdir', 'DAGS_FOLDER/local.py', '--cfg-path', '/tmp/tmphxuiaz_f', '--error-file', '/tmp/tmp234078tl']
[2022-02-01 06:36:01,199] {standard_task_runner.py:77} INFO - Job 22: Subtask wget
[2022-02-01 06:36:17,653] {logging_mixin.py:109} INFO - Running <TaskInstance: LocalIngestionDag.wget scheduled__2021-11-02T06:00:00+00:00 [running]> on host beeadfc87c61
[2022-02-01 06:36:28,214] {taskinstance.py:1426} INFO - Exporting the following env vars:
AIRFLOW_CTX_DAG_OWNER=***
AIRFLOW_CTX_DAG_ID=LocalIngestionDag
AIRFLOW_CTX_TASK_ID=wget
AIRFLOW_CTX_EXECUTION_DATE=2021-11-02T06:00:00+00:00
AIRFLOW_CTX_DAG_RUN_ID=scheduled__2021-11-02T06:00:00+00:00
[2022-02-01 06:36:28,442] {subprocess.py:62} INFO - Tmp dir root location: 
 /tmp
[2022-02-01 06:36:28,553] {subprocess.py:74} INFO - Running command: ['bash', '-c', 'echo "hello world"']
[2022-02-01 06:36:29,612] {subprocess.py:85} INFO - Output:
[2022-02-01 06:36:29,705] {subprocess.py:89} INFO - hello world
[2022-02-01 06:36:29,839] {subprocess.py:93} INFO - Command exited with return code 0
[2022-02-01 06:36:34,267] {taskinstance.py:1277} INFO - Marking task as SUCCESS. dag_id=LocalIngestionDag, task_id=wget, execution_date=20211102T060000, start_date=20220201T063557, end_date=20220201T063634
[2022-02-01 06:36:42,731] {local_task_job.py:154} INFO - Task exited with return code 0
[2022-02-01 06:36:46,031] {local_task_job.py:264} INFO - 0 downstream tasks scheduled from follow-on schedule check
