[2022-02-01 06:35:01,204] {taskinstance.py:1032} INFO - Dependencies all met for <TaskInstance: LocalIngestionDag.wget scheduled__2021-04-02T06:00:00+00:00 [queued]>
[2022-02-01 06:35:02,009] {taskinstance.py:1032} INFO - Dependencies all met for <TaskInstance: LocalIngestionDag.wget scheduled__2021-04-02T06:00:00+00:00 [queued]>
[2022-02-01 06:35:02,019] {taskinstance.py:1238} INFO - 
--------------------------------------------------------------------------------
[2022-02-01 06:35:02,054] {taskinstance.py:1239} INFO - Starting attempt 1 of 1
[2022-02-01 06:35:02,057] {taskinstance.py:1240} INFO - 
--------------------------------------------------------------------------------
[2022-02-01 06:35:02,453] {taskinstance.py:1259} INFO - Executing <Task(BashOperator): wget> on 2021-04-02 06:00:00+00:00
[2022-02-01 06:35:02,469] {standard_task_runner.py:52} INFO - Started process 357 to run task
[2022-02-01 06:35:02,681] {standard_task_runner.py:76} INFO - Running: ['***', 'tasks', 'run', 'LocalIngestionDag', 'wget', 'scheduled__2021-04-02T06:00:00+00:00', '--job-id', '12', '--raw', '--subdir', 'DAGS_FOLDER/local.py', '--cfg-path', '/tmp/tmpr9aaolts', '--error-file', '/tmp/tmpnwrzmgu6']
[2022-02-01 06:35:02,898] {standard_task_runner.py:77} INFO - Job 12: Subtask wget
[2022-02-01 06:35:07,515] {logging_mixin.py:109} INFO - Running <TaskInstance: LocalIngestionDag.wget scheduled__2021-04-02T06:00:00+00:00 [running]> on host beeadfc87c61
[2022-02-01 06:35:12,614] {taskinstance.py:1426} INFO - Exporting the following env vars:
AIRFLOW_CTX_DAG_OWNER=***
AIRFLOW_CTX_DAG_ID=LocalIngestionDag
AIRFLOW_CTX_TASK_ID=wget
AIRFLOW_CTX_EXECUTION_DATE=2021-04-02T06:00:00+00:00
AIRFLOW_CTX_DAG_RUN_ID=scheduled__2021-04-02T06:00:00+00:00
[2022-02-01 06:35:12,999] {subprocess.py:62} INFO - Tmp dir root location: 
 /tmp
[2022-02-01 06:35:13,045] {subprocess.py:74} INFO - Running command: ['bash', '-c', 'echo "hello world"']
[2022-02-01 06:35:13,687] {subprocess.py:85} INFO - Output:
[2022-02-01 06:35:13,709] {subprocess.py:89} INFO - hello world
[2022-02-01 06:35:13,714] {subprocess.py:93} INFO - Command exited with return code 0
[2022-02-01 06:35:21,380] {taskinstance.py:1277} INFO - Marking task as SUCCESS. dag_id=LocalIngestionDag, task_id=wget, execution_date=20210402T060000, start_date=20220201T063501, end_date=20220201T063521
[2022-02-01 06:35:24,043] {local_task_job.py:154} INFO - Task exited with return code 0
[2022-02-01 06:35:25,911] {local_task_job.py:264} INFO - 1 downstream tasks scheduled from follow-on schedule check
