[2022-02-01 06:34:49,823] {taskinstance.py:1032} INFO - Dependencies all met for <TaskInstance: LocalIngestionDag.wget scheduled__2021-03-02T06:00:00+00:00 [queued]>
[2022-02-01 06:34:50,250] {taskinstance.py:1032} INFO - Dependencies all met for <TaskInstance: LocalIngestionDag.wget scheduled__2021-03-02T06:00:00+00:00 [queued]>
[2022-02-01 06:34:50,255] {taskinstance.py:1238} INFO - 
--------------------------------------------------------------------------------
[2022-02-01 06:34:50,259] {taskinstance.py:1239} INFO - Starting attempt 1 of 1
[2022-02-01 06:34:50,264] {taskinstance.py:1240} INFO - 
--------------------------------------------------------------------------------
[2022-02-01 06:34:53,257] {taskinstance.py:1259} INFO - Executing <Task(BashOperator): wget> on 2021-03-02 06:00:00+00:00
[2022-02-01 06:34:57,134] {standard_task_runner.py:52} INFO - Started process 340 to run task
[2022-02-01 06:34:58,175] {standard_task_runner.py:76} INFO - Running: ['***', 'tasks', 'run', 'LocalIngestionDag', 'wget', 'scheduled__2021-03-02T06:00:00+00:00', '--job-id', '10', '--raw', '--subdir', 'DAGS_FOLDER/local.py', '--cfg-path', '/tmp/tmp6wmkno51', '--error-file', '/tmp/tmph2raxt2m']
[2022-02-01 06:34:58,211] {standard_task_runner.py:77} INFO - Job 10: Subtask wget
[2022-02-01 06:35:02,252] {logging_mixin.py:109} INFO - Running <TaskInstance: LocalIngestionDag.wget scheduled__2021-03-02T06:00:00+00:00 [running]> on host beeadfc87c61
[2022-02-01 06:35:07,098] {taskinstance.py:1426} INFO - Exporting the following env vars:
AIRFLOW_CTX_DAG_OWNER=***
AIRFLOW_CTX_DAG_ID=LocalIngestionDag
AIRFLOW_CTX_TASK_ID=wget
AIRFLOW_CTX_EXECUTION_DATE=2021-03-02T06:00:00+00:00
AIRFLOW_CTX_DAG_RUN_ID=scheduled__2021-03-02T06:00:00+00:00
[2022-02-01 06:35:07,223] {subprocess.py:62} INFO - Tmp dir root location: 
 /tmp
[2022-02-01 06:35:07,287] {subprocess.py:74} INFO - Running command: ['bash', '-c', 'echo "hello world"']
[2022-02-01 06:35:10,192] {subprocess.py:85} INFO - Output:
[2022-02-01 06:35:10,686] {subprocess.py:89} INFO - hello world
[2022-02-01 06:35:10,866] {subprocess.py:93} INFO - Command exited with return code 0
[2022-02-01 06:35:21,367] {taskinstance.py:1277} INFO - Marking task as SUCCESS. dag_id=LocalIngestionDag, task_id=wget, execution_date=20210302T060000, start_date=20220201T063449, end_date=20220201T063521
[2022-02-01 06:35:26,368] {local_task_job.py:154} INFO - Task exited with return code 0
[2022-02-01 06:35:29,269] {local_task_job.py:264} INFO - 0 downstream tasks scheduled from follow-on schedule check
