[2022-02-01 06:34:49,957] {taskinstance.py:1032} INFO - Dependencies all met for <TaskInstance: LocalIngestionDag.wget scheduled__2021-05-02T06:00:00+00:00 [queued]>
[2022-02-01 06:34:50,648] {taskinstance.py:1032} INFO - Dependencies all met for <TaskInstance: LocalIngestionDag.wget scheduled__2021-05-02T06:00:00+00:00 [queued]>
[2022-02-01 06:34:50,650] {taskinstance.py:1238} INFO - 
--------------------------------------------------------------------------------
[2022-02-01 06:34:50,669] {taskinstance.py:1239} INFO - Starting attempt 1 of 1
[2022-02-01 06:34:50,746] {taskinstance.py:1240} INFO - 
--------------------------------------------------------------------------------
[2022-02-01 06:34:57,104] {taskinstance.py:1259} INFO - Executing <Task(BashOperator): wget> on 2021-05-02 06:00:00+00:00
[2022-02-01 06:34:59,193] {standard_task_runner.py:76} INFO - Running: ['***', 'tasks', 'run', 'LocalIngestionDag', 'wget', 'scheduled__2021-05-02T06:00:00+00:00', '--job-id', '11', '--raw', '--subdir', 'DAGS_FOLDER/local.py', '--cfg-path', '/tmp/tmpytos30k8', '--error-file', '/tmp/tmpqyxuovvk']
[2022-02-01 06:34:59,321] {standard_task_runner.py:77} INFO - Job 11: Subtask wget
[2022-02-01 06:34:59,405] {standard_task_runner.py:52} INFO - Started process 341 to run task
[2022-02-01 06:35:04,740] {logging_mixin.py:109} INFO - Running <TaskInstance: LocalIngestionDag.wget scheduled__2021-05-02T06:00:00+00:00 [running]> on host beeadfc87c61
[2022-02-01 06:35:07,944] {taskinstance.py:1426} INFO - Exporting the following env vars:
AIRFLOW_CTX_DAG_OWNER=***
AIRFLOW_CTX_DAG_ID=LocalIngestionDag
AIRFLOW_CTX_TASK_ID=wget
AIRFLOW_CTX_EXECUTION_DATE=2021-05-02T06:00:00+00:00
AIRFLOW_CTX_DAG_RUN_ID=scheduled__2021-05-02T06:00:00+00:00
[2022-02-01 06:35:08,101] {subprocess.py:62} INFO - Tmp dir root location: 
 /tmp
[2022-02-01 06:35:08,191] {subprocess.py:74} INFO - Running command: ['bash', '-c', 'echo "hello world"']
[2022-02-01 06:35:10,704] {subprocess.py:85} INFO - Output:
[2022-02-01 06:35:11,153] {subprocess.py:89} INFO - hello world
[2022-02-01 06:35:11,216] {subprocess.py:93} INFO - Command exited with return code 0
[2022-02-01 06:35:21,408] {taskinstance.py:1277} INFO - Marking task as SUCCESS. dag_id=LocalIngestionDag, task_id=wget, execution_date=20210502T060000, start_date=20220201T063450, end_date=20220201T063521
[2022-02-01 06:35:23,384] {local_task_job.py:154} INFO - Task exited with return code 0
[2022-02-01 06:35:25,125] {local_task_job.py:264} INFO - 1 downstream tasks scheduled from follow-on schedule check
