[2022-02-01 06:35:24,143] {taskinstance.py:1032} INFO - Dependencies all met for <TaskInstance: LocalIngestionDag.wget scheduled__2021-10-02T06:00:00+00:00 [queued]>
[2022-02-01 06:35:27,122] {taskinstance.py:1032} INFO - Dependencies all met for <TaskInstance: LocalIngestionDag.wget scheduled__2021-10-02T06:00:00+00:00 [queued]>
[2022-02-01 06:35:27,132] {taskinstance.py:1238} INFO - 
--------------------------------------------------------------------------------
[2022-02-01 06:35:27,170] {taskinstance.py:1239} INFO - Starting attempt 1 of 1
[2022-02-01 06:35:27,199] {taskinstance.py:1240} INFO - 
--------------------------------------------------------------------------------
[2022-02-01 06:35:28,023] {taskinstance.py:1259} INFO - Executing <Task(BashOperator): wget> on 2021-10-02 06:00:00+00:00
[2022-02-01 06:35:28,558] {standard_task_runner.py:52} INFO - Started process 379 to run task
[2022-02-01 06:35:28,966] {standard_task_runner.py:76} INFO - Running: ['***', 'tasks', 'run', 'LocalIngestionDag', 'wget', 'scheduled__2021-10-02T06:00:00+00:00', '--job-id', '18', '--raw', '--subdir', 'DAGS_FOLDER/local.py', '--cfg-path', '/tmp/tmpcw3p9mgg', '--error-file', '/tmp/tmpsxnydlmc']
[2022-02-01 06:35:29,040] {standard_task_runner.py:77} INFO - Job 18: Subtask wget
[2022-02-01 06:35:33,874] {logging_mixin.py:109} INFO - Running <TaskInstance: LocalIngestionDag.wget scheduled__2021-10-02T06:00:00+00:00 [running]> on host beeadfc87c61
[2022-02-01 06:35:37,644] {taskinstance.py:1426} INFO - Exporting the following env vars:
AIRFLOW_CTX_DAG_OWNER=***
AIRFLOW_CTX_DAG_ID=LocalIngestionDag
AIRFLOW_CTX_TASK_ID=wget
AIRFLOW_CTX_EXECUTION_DATE=2021-10-02T06:00:00+00:00
AIRFLOW_CTX_DAG_RUN_ID=scheduled__2021-10-02T06:00:00+00:00
[2022-02-01 06:35:37,749] {subprocess.py:62} INFO - Tmp dir root location: 
 /tmp
[2022-02-01 06:35:37,889] {subprocess.py:74} INFO - Running command: ['bash', '-c', 'echo "hello world"']
[2022-02-01 06:35:38,497] {subprocess.py:85} INFO - Output:
[2022-02-01 06:35:38,531] {subprocess.py:89} INFO - hello world
[2022-02-01 06:35:38,564] {subprocess.py:93} INFO - Command exited with return code 0
[2022-02-01 06:35:40,489] {taskinstance.py:1277} INFO - Marking task as SUCCESS. dag_id=LocalIngestionDag, task_id=wget, execution_date=20211002T060000, start_date=20220201T063524, end_date=20220201T063540
[2022-02-01 06:35:43,652] {local_task_job.py:154} INFO - Task exited with return code 0
[2022-02-01 06:35:45,511] {local_task_job.py:264} INFO - 1 downstream tasks scheduled from follow-on schedule check
