[2022-02-01 06:35:09,712] {taskinstance.py:1032} INFO - Dependencies all met for <TaskInstance: LocalIngestionDag.wget scheduled__2021-09-02T06:00:00+00:00 [queued]>
[2022-02-01 06:35:11,940] {taskinstance.py:1032} INFO - Dependencies all met for <TaskInstance: LocalIngestionDag.wget scheduled__2021-09-02T06:00:00+00:00 [queued]>
[2022-02-01 06:35:11,943] {taskinstance.py:1238} INFO - 
--------------------------------------------------------------------------------
[2022-02-01 06:35:11,945] {taskinstance.py:1239} INFO - Starting attempt 1 of 1
[2022-02-01 06:35:11,947] {taskinstance.py:1240} INFO - 
--------------------------------------------------------------------------------
[2022-02-01 06:35:13,146] {taskinstance.py:1259} INFO - Executing <Task(BashOperator): wget> on 2021-09-02 06:00:00+00:00
[2022-02-01 06:35:13,627] {standard_task_runner.py:76} INFO - Running: ['***', 'tasks', 'run', 'LocalIngestionDag', 'wget', 'scheduled__2021-09-02T06:00:00+00:00', '--job-id', '14', '--raw', '--subdir', 'DAGS_FOLDER/local.py', '--cfg-path', '/tmp/tmppw7wprfx', '--error-file', '/tmp/tmpo1z6hav5']
[2022-02-01 06:35:13,754] {standard_task_runner.py:77} INFO - Job 14: Subtask wget
[2022-02-01 06:35:13,546] {standard_task_runner.py:52} INFO - Started process 363 to run task
[2022-02-01 06:35:21,567] {logging_mixin.py:109} INFO - Running <TaskInstance: LocalIngestionDag.wget scheduled__2021-09-02T06:00:00+00:00 [running]> on host beeadfc87c61
[2022-02-01 06:35:27,069] {taskinstance.py:1426} INFO - Exporting the following env vars:
AIRFLOW_CTX_DAG_OWNER=***
AIRFLOW_CTX_DAG_ID=LocalIngestionDag
AIRFLOW_CTX_TASK_ID=wget
AIRFLOW_CTX_EXECUTION_DATE=2021-09-02T06:00:00+00:00
AIRFLOW_CTX_DAG_RUN_ID=scheduled__2021-09-02T06:00:00+00:00
[2022-02-01 06:35:27,111] {subprocess.py:62} INFO - Tmp dir root location: 
 /tmp
[2022-02-01 06:35:27,163] {subprocess.py:74} INFO - Running command: ['bash', '-c', 'echo "hello world"']
[2022-02-01 06:35:27,561] {subprocess.py:85} INFO - Output:
[2022-02-01 06:35:27,573] {subprocess.py:89} INFO - hello world
[2022-02-01 06:35:27,580] {subprocess.py:93} INFO - Command exited with return code 0
[2022-02-01 06:35:28,493] {taskinstance.py:1277} INFO - Marking task as SUCCESS. dag_id=LocalIngestionDag, task_id=wget, execution_date=20210902T060000, start_date=20220201T063510, end_date=20220201T063528
[2022-02-01 06:35:30,669] {local_task_job.py:154} INFO - Task exited with return code 0
[2022-02-01 06:35:33,387] {local_task_job.py:264} INFO - 1 downstream tasks scheduled from follow-on schedule check
