[2022-02-01 06:36:00,560] {taskinstance.py:1032} INFO - Dependencies all met for <TaskInstance: LocalIngestionDag.wget scheduled__2021-12-02T06:00:00+00:00 [queued]>
[2022-02-01 06:36:02,551] {taskinstance.py:1032} INFO - Dependencies all met for <TaskInstance: LocalIngestionDag.wget scheduled__2021-12-02T06:00:00+00:00 [queued]>
[2022-02-01 06:36:02,576] {taskinstance.py:1238} INFO - 
--------------------------------------------------------------------------------
[2022-02-01 06:36:02,615] {taskinstance.py:1239} INFO - Starting attempt 1 of 1
[2022-02-01 06:36:02,632] {taskinstance.py:1240} INFO - 
--------------------------------------------------------------------------------
[2022-02-01 06:36:08,011] {taskinstance.py:1259} INFO - Executing <Task(BashOperator): wget> on 2021-12-02 06:00:00+00:00
[2022-02-01 06:36:09,624] {standard_task_runner.py:52} INFO - Started process 418 to run task
[2022-02-01 06:36:11,192] {standard_task_runner.py:76} INFO - Running: ['***', 'tasks', 'run', 'LocalIngestionDag', 'wget', 'scheduled__2021-12-02T06:00:00+00:00', '--job-id', '25', '--raw', '--subdir', 'DAGS_FOLDER/local.py', '--cfg-path', '/tmp/tmprjeoyqzl', '--error-file', '/tmp/tmpgruk5rup']
[2022-02-01 06:36:11,328] {standard_task_runner.py:77} INFO - Job 25: Subtask wget
[2022-02-01 06:36:27,845] {logging_mixin.py:109} INFO - Running <TaskInstance: LocalIngestionDag.wget scheduled__2021-12-02T06:00:00+00:00 [running]> on host beeadfc87c61
[2022-02-01 06:36:42,655] {taskinstance.py:1426} INFO - Exporting the following env vars:
AIRFLOW_CTX_DAG_OWNER=***
AIRFLOW_CTX_DAG_ID=LocalIngestionDag
AIRFLOW_CTX_TASK_ID=wget
AIRFLOW_CTX_EXECUTION_DATE=2021-12-02T06:00:00+00:00
AIRFLOW_CTX_DAG_RUN_ID=scheduled__2021-12-02T06:00:00+00:00
[2022-02-01 06:36:42,879] {subprocess.py:62} INFO - Tmp dir root location: 
 /tmp
[2022-02-01 06:36:42,946] {subprocess.py:74} INFO - Running command: ['bash', '-c', 'echo "hello world"']
[2022-02-01 06:36:45,040] {subprocess.py:85} INFO - Output:
[2022-02-01 06:36:45,093] {subprocess.py:89} INFO - hello world
[2022-02-01 06:36:45,097] {subprocess.py:93} INFO - Command exited with return code 0
[2022-02-01 06:36:48,525] {taskinstance.py:1277} INFO - Marking task as SUCCESS. dag_id=LocalIngestionDag, task_id=wget, execution_date=20211202T060000, start_date=20220201T063600, end_date=20220201T063648
[2022-02-01 06:36:51,284] {local_task_job.py:154} INFO - Task exited with return code 0
[2022-02-01 06:37:06,215] {local_task_job.py:264} INFO - 0 downstream tasks scheduled from follow-on schedule check
