[2022-02-01 06:35:32,930] {taskinstance.py:1032} INFO - Dependencies all met for <TaskInstance: LocalIngestionDag.wget scheduled__2021-08-02T06:00:00+00:00 [queued]>
[2022-02-01 06:35:33,197] {taskinstance.py:1032} INFO - Dependencies all met for <TaskInstance: LocalIngestionDag.wget scheduled__2021-08-02T06:00:00+00:00 [queued]>
[2022-02-01 06:35:33,255] {taskinstance.py:1238} INFO - 
--------------------------------------------------------------------------------
[2022-02-01 06:35:33,346] {taskinstance.py:1239} INFO - Starting attempt 1 of 1
[2022-02-01 06:35:33,372] {taskinstance.py:1240} INFO - 
--------------------------------------------------------------------------------
[2022-02-01 06:35:34,448] {taskinstance.py:1259} INFO - Executing <Task(BashOperator): wget> on 2021-08-02 06:00:00+00:00
[2022-02-01 06:35:34,881] {standard_task_runner.py:52} INFO - Started process 384 to run task
[2022-02-01 06:35:35,848] {standard_task_runner.py:76} INFO - Running: ['***', 'tasks', 'run', 'LocalIngestionDag', 'wget', 'scheduled__2021-08-02T06:00:00+00:00', '--job-id', '19', '--raw', '--subdir', 'DAGS_FOLDER/local.py', '--cfg-path', '/tmp/tmpnws84jwu', '--error-file', '/tmp/tmpskep4zqy']
[2022-02-01 06:35:36,096] {standard_task_runner.py:77} INFO - Job 19: Subtask wget
[2022-02-01 06:35:39,685] {logging_mixin.py:109} INFO - Running <TaskInstance: LocalIngestionDag.wget scheduled__2021-08-02T06:00:00+00:00 [running]> on host beeadfc87c61
[2022-02-01 06:35:44,889] {taskinstance.py:1426} INFO - Exporting the following env vars:
AIRFLOW_CTX_DAG_OWNER=***
AIRFLOW_CTX_DAG_ID=LocalIngestionDag
AIRFLOW_CTX_TASK_ID=wget
AIRFLOW_CTX_EXECUTION_DATE=2021-08-02T06:00:00+00:00
AIRFLOW_CTX_DAG_RUN_ID=scheduled__2021-08-02T06:00:00+00:00
[2022-02-01 06:35:45,139] {subprocess.py:62} INFO - Tmp dir root location: 
 /tmp
[2022-02-01 06:35:45,200] {subprocess.py:74} INFO - Running command: ['bash', '-c', 'echo "hello world"']
[2022-02-01 06:35:46,229] {subprocess.py:85} INFO - Output:
[2022-02-01 06:35:46,533] {subprocess.py:89} INFO - hello world
[2022-02-01 06:35:46,578] {subprocess.py:93} INFO - Command exited with return code 0
[2022-02-01 06:35:56,737] {taskinstance.py:1277} INFO - Marking task as SUCCESS. dag_id=LocalIngestionDag, task_id=wget, execution_date=20210802T060000, start_date=20220201T063532, end_date=20220201T063556
[2022-02-01 06:36:01,077] {local_task_job.py:154} INFO - Task exited with return code 0
[2022-02-01 06:36:21,970] {local_task_job.py:264} INFO - 0 downstream tasks scheduled from follow-on schedule check
